<?xml version="1.0" encoding="UTF-8"?>
<!-- Generated by org.testng.reporters.JUnitXMLReporter -->
<testsuite ignored="0" hostname="diwakar" failures="0" tests="6" name="Test" time="5.218" errors="0" timestamp="2025-07-13T06:56:31 IST">
  <testcase classname="TestcaseTestng.NewTest1" name="Openapp" time="4.129"/>
  <testcase classname="TestcaseTestng.NewTest1" name="Login" time="0.684"/>
  <testcase classname="TestcaseTestng.NewTest1" name="Quit" time="0.293"/>
  <testcase classname="TestcaseTestng.Testcaseone" name="open" time="0.002"/>
  <testcase classname="TestcaseTestng.Testcaseone" name="Login" time="0.001"/>
  <testcase classname="TestcaseTestng.Testcaseone" name="Logout" time="0.002"/>
</testsuite> <!-- Test -->
