<?xml version="1.0" encoding="UTF-8"?>
<testng-results ignored="0" total="2" passed="2" failed="0" skipped="0">
  <reporter-output>
  </reporter-output>
  <suite started-at="2025-07-13T09:10:34 IST" name="Default suite" finished-at="2025-07-13T09:10:55 IST" duration-ms="21685">
    <groups>
    </groups>
    <test started-at="2025-07-13T09:10:34 IST" name="Default test" finished-at="2025-07-13T09:10:55 IST" duration-ms="21685">
      <class name="TestcaseTestng.NewTest">
        <test-method is-config="true" signature="OpenApp()[pri:0, instance:TestcaseTestng.NewTest@79079097]" started-at="2025-07-13T09:10:34 IST" name="OpenApp" finished-at="2025-07-13T09:10:43 IST" duration-ms="9635" status="PASS">
          <reporter-output>
          </reporter-output>
        </test-method> <!-- OpenApp -->
        <test-method signature="Login()[pri:0, instance:TestcaseTestng.NewTest@79079097]" started-at="2025-07-13T09:10:43 IST" name="Login" finished-at="2025-07-13T09:10:44 IST" duration-ms="487" status="PASS">
          <reporter-output>
          </reporter-output>
        </test-method> <!-- Login -->
        <test-method is-config="true" signature="Logout()[pri:0, instance:TestcaseTestng.NewTest@79079097]" started-at="2025-07-13T09:10:44 IST" name="Logout" finished-at="2025-07-13T09:10:44 IST" duration-ms="356" status="PASS">
          <reporter-output>
          </reporter-output>
        </test-method> <!-- Logout -->
        <test-method is-config="true" signature="OpenApp()[pri:0, instance:TestcaseTestng.NewTest@79079097]" started-at="2025-07-13T09:10:44 IST" name="OpenApp" finished-at="2025-07-13T09:10:50 IST" duration-ms="5416" status="PASS">
          <reporter-output>
          </reporter-output>
        </test-method> <!-- OpenApp -->
        <test-method signature="Sortby()[pri:0, instance:TestcaseTestng.NewTest@79079097]" started-at="2025-07-13T09:10:50 IST" name="Sortby" finished-at="2025-07-13T09:10:55 IST" duration-ms="5258" status="PASS">
          <reporter-output>
          </reporter-output>
        </test-method> <!-- Sortby -->
        <test-method is-config="true" signature="Logout()[pri:0, instance:TestcaseTestng.NewTest@79079097]" started-at="2025-07-13T09:10:55 IST" name="Logout" finished-at="2025-07-13T09:10:55 IST" duration-ms="442" status="PASS">
          <reporter-output>
          </reporter-output>
        </test-method> <!-- Logout -->
      </class> <!-- TestcaseTestng.NewTest -->
    </test> <!-- Default test -->
  </suite> <!-- Default suite -->
</testng-results>
