<?xml version="1.0" encoding="UTF-8"?>
<!-- Generated by org.testng.reporters.JUnitReportReporter -->
<testsuite hostname="diwakar" failures="0" tests="3" name="TestcaseTestng.NewTest1" time="5.106" errors="0" timestamp="2025-07-13T06:56:31 IST" skipped="0">
  <testcase classname="TestcaseTestng.NewTest1" name="Openapp" time="4.129"/>
  <testcase classname="TestcaseTestng.NewTest1" name="Login" time="0.684"/>
  <testcase classname="TestcaseTestng.NewTest1" name="Quit" time="0.293"/>
</testsuite> <!-- TestcaseTestng.NewTest1 -->
