<?xml version="1.0" encoding="UTF-8"?>
<!-- Generated by org.testng.reporters.JUnitReportReporter -->
<testsuite hostname="diwakar" failures="0" tests="3" name="TestcaseTestng.Testcaseone" time="0.005" errors="0" timestamp="2025-07-13T06:56:31 IST" skipped="0">
  <testcase classname="TestcaseTestng.Testcaseone" name="open" time="0.002"/>
  <testcase classname="TestcaseTestng.Testcaseone" name="Login" time="0.001"/>
  <testcase classname="TestcaseTestng.Testcaseone" name="Logout" time="0.002"/>
</testsuite> <!-- TestcaseTestng.Testcaseone -->
